<?xml version="1.0" encoding="utf-8"?><testsuites><testsuite name="pytest" errors="0" failures="0" skipped="0" tests="57" time="27.192" timestamp="2026-09-10T18:45:13.801579" hostname="kj-gram"><testcase classname="test.test_launch_integration" name="test_installed_launch_startup_and_configuration[demo]" time="3.090" /><testcase classname="test.test_launch_integration" name="test_installed_launch_startup_and_configuration[workstation_empty]" time="2.906" /><testcase classname="test.test_launch_integration" name="test_installed_launch_startup_and_configuration[workstation_custom]" time="2.904" /><testcase classname="test.test_llm" name="test_large_valid_envelope_keeps_both_ollama_interfaces[generate]" time="0.001" /><testcase classname="test.test_llm" name="test_large_valid_envelope_keeps_both_ollama_interfaces[chat]" time="0.001" /><testcase classname="test.test_llm" name="test_large_envelope_rejects_duplicates_and_nonfinite_metadata[&quot;response&quot;:&quot;{}&quot;]" time="0.001" /><testcase classname="test.test_llm" name="test_large_envelope_rejects_duplicates_and_nonfinite_metadata[&quot;metadata&quot;:{&quot;count&quot;:1,&quot;count&quot;:2}]" time="0.001" /><testcase classname="test.test_llm" name="test_large_envelope_rejects_duplicates_and_nonfinite_metadata[&quot;metadata&quot;:{&quot;value&quot;:NaN}]" time="0.000" /><testcase classname="test.test_llm" name="test_large_envelope_rejects_duplicates_and_nonfinite_metadata[&quot;metadata&quot;:{&quot;value&quot;:Infinity}]" time="0.001" /><testcase classname="test.test_llm" name="test_large_envelope_rejects_duplicates_and_nonfinite_metadata[&quot;metadata&quot;:{&quot;value&quot;:-Infinity}]" time="0.001" /><testcase classname="test.test_llm" name="test_large_envelope_rejects_duplicates_and_nonfinite_metadata[&quot;metadata&quot;:{&quot;values&quot;:[1e999]}]" time="0.000" /><testcase classname="test.test_llm" name="test_large_envelope_does_not_raise_plan_size_limit" time="0.001" /><testcase classname="test.test_llm" name="test_http_response_limit_remains_one_mib" time="0.003" /><testcase classname="test.test_llm" name="test_strict_json_default_limit_is_still_128_kib" time="0.000" /><testcase classname="test.test_metrics" name="test_failures_counted_and_no_human_scores_invented" time="0.001" /><testcase classname="test.test_metrics" name="test_latest_human_grade_per_request" time="0.000" /><testcase classname="test.test_planning_cooperative" name="test_dependency_order_not_input_order" time="0.000" /><testcase classname="test.test_planning_cooperative" name="test_invalid_dag_rejected[deps0]" time="0.000" /><testcase classname="test.test_planning_cooperative" name="test_invalid_dag_rejected[deps1]" time="0.000" /><testcase classname="test.test_planning_cooperative" name="test_search_and_final_verification_enforced" time="0.000" /><testcase classname="test.test_planning_cooperative" name="test_target_requires_exact_id" time="0.000" /><testcase classname="test.test_planning_cooperative" name="test_both_gate_ack_required" time="0.000" /><testcase classname="test.test_planning_cooperative" name="test_world_relative_translation_subdivided" time="0.000" /><testcase classname="test.test_planning_cooperative" name="test_shared_payload_different_displacement_rejected" time="0.001" /><testcase classname="test.test_planning_cooperative" name="test_shared_payload_rotation_rejected" time="0.000" /><testcase classname="test.test_planning_cooperative" name="test_reflected_transform_rejected" time="0.000" /><testcase classname="test.test_planning_cooperative" name="test_barrier_exact_command_ids" time="0.000" /><testcase classname="test.test_protocol_perception" name="test_hostile_json[[]]" time="0.000" /><testcase classname="test.test_protocol_perception" name="test_hostile_json[{&quot;x&quot;:NaN}]" time="0.000" /><testcase classname="test.test_protocol_perception" name="test_hostile_json[{&quot;x&quot;:1e999}]" time="0.000" /><testcase classname="test.test_protocol_perception" name="test_hostile_json[{&quot;x&quot;:1,&quot;x&quot;:2}]" time="0.000" /><testcase classname="test.test_protocol_perception" name="test_hostile_json[{&quot;x&quot;:Infinity}]" time="0.000" /><testcase classname="test.test_protocol_perception" name="test_gate_protocol_rejects_sdk_escape" time="0.000" /><testcase classname="test.test_protocol_perception" name="test_depth_units_match_and_missing_depth_rejected" time="0.000" /><testcase classname="test.test_protocol_perception" name="test_two_bread_instances_and_loss" time="0.000" /><testcase classname="test.test_protocol_perception" name="test_transform_rejects_bad_quaternion" time="0.000" /><testcase classname="test.test_protocol_perception" name="test_original_red_handles_can_be_fused_with_yolo" time="0.077" /><testcase classname="test.test_ros_integration" name="test_two_agents_cooperative_and_estop" time="17.553" /><testcase classname="test.test_safety" name="test_fence_blocks_without_backend_motion[position0]" time="0.001" /><testcase classname="test.test_safety" name="test_fence_blocks_without_backend_motion[position1]" time="0.001" /><testcase classname="test.test_safety" name="test_fence_blocks_without_backend_motion[position2]" time="0.001" /><testcase classname="test.test_safety" name="test_fence_blocks_without_backend_motion[position3]" time="0.001" /><testcase classname="test.test_safety" name="test_tool_margin_and_invalid_fence" time="0.000" /><testcase classname="test.test_safety" name="test_reject_wrong_identity_or_replayed_time[token-old]" time="0.001" /><testcase classname="test.test_safety" name="test_reject_wrong_identity_or_replayed_time[agent_id-agent2]" time="0.001" /><testcase classname="test.test_safety" name="test_reject_wrong_identity_or_replayed_time[stamp-0.0]" time="0.001" /><testcase classname="test.test_safety" name="test_completion_is_measured_and_duplicate_is_not_executed" time="0.225" /><testcase classname="test.test_safety" name="test_stop_latches_and_kill_cannot_reset" time="0.002" /><testcase classname="test.test_safety" name="test_permit_revoked_mid_motion_stops_and_fails" time="0.052" /><testcase classname="test.test_safety" name="test_expired_heartbeat_stops_inflight" time="0.012" /><testcase classname="test.test_safety" name="test_paired_without_go_never_moves" time="0.267" /><testcase classname="test.test_safety" name="test_sdk_is_not_imported_in_dry_run" time="0.001" /><testcase classname="test.test_safety" name="test_sdk_success_must_be_exact_zero[None]" time="0.000" /><testcase classname="test.test_safety" name="test_sdk_success_must_be_exact_zero[True]" time="0.000" /><testcase classname="test.test_safety" name="test_sdk_success_must_be_exact_zero[1]" time="0.000" /><testcase classname="test.test_safety" name="test_sdk_success_must_be_exact_zero[-1]" time="0.000" /><testcase classname="test.test_safety" name="test_sdk_success_must_be_exact_zero[0]" time="0.000" /></testsuite></testsuites>